2021-03-16 22:58:10.217  INFO 8932 --- [restartedMain] com.zero.BlogApplication                 : Starting BlogApplication using Java 1.8.0_271 on PC-20210118YCXO with PID 8932 (D:\blog\target\classes started by Administrator in D:\blog)
2021-03-16 22:58:10.223 DEBUG 8932 --- [restartedMain] com.zero.BlogApplication                 : Running with Spring Boot v2.4.3, Spring v5.3.4
2021-03-16 22:58:10.223  INFO 8932 --- [restartedMain] com.zero.BlogApplication                 : The following profiles are active: dev
2021-03-16 22:58:10.464  INFO 8932 --- [restartedMain] .e.DevToolsPropertyDefaultsPostProcessor : Devtools property defaults active! Set 'spring.devtools.add-properties' to 'false' to disable
2021-03-16 22:58:10.464  INFO 8932 --- [restartedMain] .e.DevToolsPropertyDefaultsPostProcessor : For additional web related logging consider setting the 'logging.level.web' property to 'DEBUG'
2021-03-16 22:58:11.619  INFO 8932 --- [restartedMain] .s.d.r.c.RepositoryConfigurationDelegate : Bootstrapping Spring Data JPA repositories in DEFAULT mode.
2021-03-16 22:58:11.639  INFO 8932 --- [restartedMain] .s.d.r.c.RepositoryConfigurationDelegate : Finished Spring Data repository scanning in 7 ms. Found 0 JPA repository interfaces.
2021-03-16 22:58:12.662  INFO 8932 --- [restartedMain] o.s.b.w.embedded.tomcat.TomcatWebServer  : Tomcat initialized with port(s): 8080 (http)
2021-03-16 22:58:12.673  INFO 8932 --- [restartedMain] o.apache.catalina.core.StandardService   : Starting service [Tomcat]
2021-03-16 22:58:12.674  INFO 8932 --- [restartedMain] org.apache.catalina.core.StandardEngine  : Starting Servlet engine: [Apache Tomcat/9.0.43]
2021-03-16 22:58:12.784  INFO 8932 --- [restartedMain] o.a.c.c.C.[Tomcat].[localhost].[/]       : Initializing Spring embedded WebApplicationContext
2021-03-16 22:58:12.784  INFO 8932 --- [restartedMain] w.s.c.ServletWebServerApplicationContext : Root WebApplicationContext: initialization completed in 2291 ms
2021-03-16 22:58:13.033  INFO 8932 --- [restartedMain] o.hibernate.jpa.internal.util.LogHelper  : HHH000204: Processing PersistenceUnitInfo [name: default]
2021-03-16 22:58:13.204  INFO 8932 --- [restartedMain] org.hibernate.Version                    : HHH000412: Hibernate ORM core version 5.4.28.Final
2021-03-16 22:58:13.462  INFO 8932 --- [restartedMain] o.hibernate.annotations.common.Version   : HCANN000001: Hibernate Commons Annotations {5.1.2.Final}
2021-03-16 22:58:13.623  INFO 8932 --- [restartedMain] com.zaxxer.hikari.HikariDataSource       : HikariPool-1 - Starting...
2021-03-16 22:58:13.624  WARN 8932 --- [restartedMain] com.zaxxer.hikari.util.DriverDataSource  : Registered driver with driverClassName=com.mysql.jdbc.Driver was not found, trying direct instantiation.
2021-03-16 22:58:19.240  INFO 8932 --- [restartedMain] com.zaxxer.hikari.HikariDataSource       : HikariPool-1 - Start completed.
2021-03-16 22:58:19.320  INFO 8932 --- [restartedMain] org.hibernate.dialect.Dialect            : HHH000400: Using dialect: org.hibernate.dialect.MySQL55Dialect
2021-03-16 22:58:19.836  INFO 8932 --- [restartedMain] o.h.e.t.j.p.i.JtaPlatformInitiator       : HHH000490: Using JtaPlatform implementation: [org.hibernate.engine.transaction.jta.platform.internal.NoJtaPlatform]
2021-03-16 22:58:19.876  INFO 8932 --- [restartedMain] j.LocalContainerEntityManagerFactoryBean : Initialized JPA EntityManagerFactory for persistence unit 'default'
2021-03-16 22:58:20.124  INFO 8932 --- [restartedMain] o.s.b.d.a.OptionalLiveReloadServer       : LiveReload server is running on port 35729
2021-03-16 22:58:20.238  WARN 8932 --- [restartedMain] JpaBaseConfiguration$JpaWebConfiguration : spring.jpa.open-in-view is enabled by default. Therefore, database queries may be performed during view rendering. Explicitly configure spring.jpa.open-in-view to disable this warning
2021-03-16 22:58:20.540  INFO 8932 --- [restartedMain] o.s.s.concurrent.ThreadPoolTaskExecutor  : Initializing ExecutorService 'applicationTaskExecutor'
2021-03-16 22:58:20.678  INFO 8932 --- [restartedMain] o.s.b.a.w.s.WelcomePageHandlerMapping    : Adding welcome page template: index
2021-03-16 22:58:21.113  INFO 8932 --- [restartedMain] o.s.b.w.embedded.tomcat.TomcatWebServer  : Tomcat started on port(s): 8080 (http) with context path ''
2021-03-16 22:58:21.124  INFO 8932 --- [restartedMain] com.zero.BlogApplication                 : Started BlogApplication in 12.111 seconds (JVM running for 14.08)
2021-03-16 22:58:47.779  INFO 8932 --- [http-nio-8080-exec-1] o.a.c.c.C.[Tomcat].[localhost].[/]       : Initializing Spring DispatcherServlet 'dispatcherServlet'
2021-03-16 22:58:47.779  INFO 8932 --- [http-nio-8080-exec-1] o.s.web.servlet.DispatcherServlet        : Initializing Servlet 'dispatcherServlet'
2021-03-16 22:58:47.784  INFO 8932 --- [http-nio-8080-exec-1] o.s.web.servlet.DispatcherServlet        : Completed initialization in 1 ms
2021-03-16 22:58:47.959 ERROR 8932 --- [http-nio-8080-exec-1] c.z.handler.ControllerExceptionHandler   : Request URL : http://localhost:8080/, Exception : {}

org.springframework.web.bind.MissingPathVariableException: Missing URI template variable 'id' for method parameter of type Integer
	at org.springframework.web.servlet.mvc.method.annotation.PathVariableMethodArgumentResolver.handleMissingValue(PathVariableMethodArgumentResolver.java:101)
	at org.springframework.web.method.annotation.AbstractNamedValueMethodArgumentResolver.handleMissingValue(AbstractNamedValueMethodArgumentResolver.java:226)
	at org.springframework.web.method.annotation.AbstractNamedValueMethodArgumentResolver.resolveArgument(AbstractNamedValueMethodArgumentResolver.java:114)
	at org.springframework.web.method.support.HandlerMethodArgumentResolverComposite.resolveArgument(HandlerMethodArgumentResolverComposite.java:121)
	at org.springframework.web.method.support.InvocableHandlerMethod.getMethodArgumentValues(InvocableHandlerMethod.java:170)
	at org.springframework.web.method.support.InvocableHandlerMethod.invokeForRequest(InvocableHandlerMethod.java:137)
	at org.springframework.web.servlet.mvc.method.annotation.ServletInvocableHandlerMethod.invokeAndHandle(ServletInvocableHandlerMethod.java:106)
	at org.springframework.web.servlet.mvc.method.annotation.RequestMappingHandlerAdapter.invokeHandlerMethod(RequestMappingHandlerAdapter.java:894)
	at org.springframework.web.servlet.mvc.method.annotation.RequestMappingHandlerAdapter.handleInternal(RequestMappingHandlerAdapter.java:808)
	at org.springframework.web.servlet.mvc.method.AbstractHandlerMethodAdapter.handle(AbstractHandlerMethodAdapter.java:87)
	at org.springframework.web.servlet.DispatcherServlet.doDispatch(DispatcherServlet.java:1060)
	at org.springframework.web.servlet.DispatcherServlet.doService(DispatcherServlet.java:962)
	at org.springframework.web.servlet.FrameworkServlet.processRequest(FrameworkServlet.java:1006)
	at org.springframework.web.servlet.FrameworkServlet.doGet(FrameworkServlet.java:898)
	at javax.servlet.http.HttpServlet.service(HttpServlet.java:626)
	at org.springframework.web.servlet.FrameworkServlet.service(FrameworkServlet.java:883)
	at javax.servlet.http.HttpServlet.service(HttpServlet.java:733)
	at org.apache.catalina.core.ApplicationFilterChain.internalDoFilter(ApplicationFilterChain.java:227)
	at org.apache.catalina.core.ApplicationFilterChain.doFilter(ApplicationFilterChain.java:162)
	at org.apache.tomcat.websocket.server.WsFilter.doFilter(WsFilter.java:53)
	at org.apache.catalina.core.ApplicationFilterChain.internalDoFilter(ApplicationFilterChain.java:189)
	at org.apache.catalina.core.ApplicationFilterChain.doFilter(ApplicationFilterChain.java:162)
	at org.springframework.web.filter.RequestContextFilter.doFilterInternal(RequestContextFilter.java:100)
	at org.springframework.web.filter.OncePerRequestFilter.doFilter(OncePerRequestFilter.java:119)
	at org.apache.catalina.core.ApplicationFilterChain.internalDoFilter(ApplicationFilterChain.java:189)
	at org.apache.catalina.core.ApplicationFilterChain.doFilter(ApplicationFilterChain.java:162)
	at org.springframework.web.filter.FormContentFilter.doFilterInternal(FormContentFilter.java:93)
	at org.springframework.web.filter.OncePerRequestFilter.doFilter(OncePerRequestFilter.java:119)
	at org.apache.catalina.core.ApplicationFilterChain.internalDoFilter(ApplicationFilterChain.java:189)
	at org.apache.catalina.core.ApplicationFilterChain.doFilter(ApplicationFilterChain.java:162)
	at org.springframework.web.filter.CharacterEncodingFilter.doFilterInternal(CharacterEncodingFilter.java:201)
	at org.springframework.web.filter.OncePerRequestFilter.doFilter(OncePerRequestFilter.java:119)
	at org.apache.catalina.core.ApplicationFilterChain.internalDoFilter(ApplicationFilterChain.java:189)
	at org.apache.catalina.core.ApplicationFilterChain.doFilter(ApplicationFilterChain.java:162)
	at org.apache.catalina.core.StandardWrapperValve.invoke(StandardWrapperValve.java:202)
	at org.apache.catalina.core.StandardContextValve.invoke(StandardContextValve.java:97)
	at org.apache.catalina.authenticator.AuthenticatorBase.invoke(AuthenticatorBase.java:542)
	at org.apache.catalina.core.StandardHostValve.invoke(StandardHostValve.java:143)
	at org.apache.catalina.valves.ErrorReportValve.invoke(ErrorReportValve.java:92)
	at org.apache.catalina.core.StandardEngineValve.invoke(StandardEngineValve.java:78)
	at org.apache.catalina.connector.CoyoteAdapter.service(CoyoteAdapter.java:346)
	at org.apache.coyote.http11.Http11Processor.service(Http11Processor.java:374)
	at org.apache.coyote.AbstractProcessorLight.process(AbstractProcessorLight.java:65)
	at org.apache.coyote.AbstractProtocol$ConnectionHandler.process(AbstractProtocol.java:887)
	at org.apache.tomcat.util.net.NioEndpoint$SocketProcessor.doRun(NioEndpoint.java:1684)
	at org.apache.tomcat.util.net.SocketProcessorBase.run(SocketProcessorBase.java:49)
	at java.util.concurrent.ThreadPoolExecutor.runWorker(ThreadPoolExecutor.java:1149)
	at java.util.concurrent.ThreadPoolExecutor$Worker.run(ThreadPoolExecutor.java:624)
	at org.apache.tomcat.util.threads.TaskThread$WrappingRunnable.run(TaskThread.java:61)
	at java.lang.Thread.run(Thread.java:748)

2021-03-16 22:58:47.959  WARN 8932 --- [http-nio-8080-exec-1] .m.m.a.ExceptionHandlerExceptionResolver : Resolved [org.springframework.web.bind.MissingPathVariableException: Missing URI template variable 'id' for method parameter of type Integer]
2021-03-16 22:58:56.105 ERROR 8932 --- [http-nio-8080-exec-1] c.z.handler.ControllerExceptionHandler   : Request URL : http://localhost:8080/, Exception : {}

org.springframework.web.bind.MissingPathVariableException: Missing URI template variable 'id' for method parameter of type Integer
	at org.springframework.web.servlet.mvc.method.annotation.PathVariableMethodArgumentResolver.handleMissingValue(PathVariableMethodArgumentResolver.java:101)
	at org.springframework.web.method.annotation.AbstractNamedValueMethodArgumentResolver.handleMissingValue(AbstractNamedValueMethodArgumentResolver.java:226)
	at org.springframework.web.method.annotation.AbstractNamedValueMethodArgumentResolver.resolveArgument(AbstractNamedValueMethodArgumentResolver.java:114)
	at org.springframework.web.method.support.HandlerMethodArgumentResolverComposite.resolveArgument(HandlerMethodArgumentResolverComposite.java:121)
	at org.springframework.web.method.support.InvocableHandlerMethod.getMethodArgumentValues(InvocableHandlerMethod.java:170)
	at org.springframework.web.method.support.InvocableHandlerMethod.invokeForRequest(InvocableHandlerMethod.java:137)
	at org.springframework.web.servlet.mvc.method.annotation.ServletInvocableHandlerMethod.invokeAndHandle(ServletInvocableHandlerMethod.java:106)
	at org.springframework.web.servlet.mvc.method.annotation.RequestMappingHandlerAdapter.invokeHandlerMethod(RequestMappingHandlerAdapter.java:894)
	at org.springframework.web.servlet.mvc.method.annotation.RequestMappingHandlerAdapter.handleInternal(RequestMappingHandlerAdapter.java:808)
	at org.springframework.web.servlet.mvc.method.AbstractHandlerMethodAdapter.handle(AbstractHandlerMethodAdapter.java:87)
	at org.springframework.web.servlet.DispatcherServlet.doDispatch(DispatcherServlet.java:1060)
	at org.springframework.web.servlet.DispatcherServlet.doService(DispatcherServlet.java:962)
	at org.springframework.web.servlet.FrameworkServlet.processRequest(FrameworkServlet.java:1006)
	at org.springframework.web.servlet.FrameworkServlet.doGet(FrameworkServlet.java:898)
	at javax.servlet.http.HttpServlet.service(HttpServlet.java:626)
	at org.springframework.web.servlet.FrameworkServlet.service(FrameworkServlet.java:883)
	at javax.servlet.http.HttpServlet.service(HttpServlet.java:733)
	at org.apache.catalina.core.ApplicationFilterChain.internalDoFilter(ApplicationFilterChain.java:227)
	at org.apache.catalina.core.ApplicationFilterChain.doFilter(ApplicationFilterChain.java:162)
	at org.apache.tomcat.websocket.server.WsFilter.doFilter(WsFilter.java:53)
	at org.apache.catalina.core.ApplicationFilterChain.internalDoFilter(ApplicationFilterChain.java:189)
	at org.apache.catalina.core.ApplicationFilterChain.doFilter(ApplicationFilterChain.java:162)
	at org.springframework.web.filter.RequestContextFilter.doFilterInternal(RequestContextFilter.java:100)
	at org.springframework.web.filter.OncePerRequestFilter.doFilter(OncePerRequestFilter.java:119)
	at org.apache.catalina.core.ApplicationFilterChain.internalDoFilter(ApplicationFilterChain.java:189)
	at org.apache.catalina.core.ApplicationFilterChain.doFilter(ApplicationFilterChain.java:162)
	at org.springframework.web.filter.FormContentFilter.doFilterInternal(FormContentFilter.java:93)
	at org.springframework.web.filter.OncePerRequestFilter.doFilter(OncePerRequestFilter.java:119)
	at org.apache.catalina.core.ApplicationFilterChain.internalDoFilter(ApplicationFilterChain.java:189)
	at org.apache.catalina.core.ApplicationFilterChain.doFilter(ApplicationFilterChain.java:162)
	at org.springframework.web.filter.CharacterEncodingFilter.doFilterInternal(CharacterEncodingFilter.java:201)
	at org.springframework.web.filter.OncePerRequestFilter.doFilter(OncePerRequestFilter.java:119)
	at org.apache.catalina.core.ApplicationFilterChain.internalDoFilter(ApplicationFilterChain.java:189)
	at org.apache.catalina.core.ApplicationFilterChain.doFilter(ApplicationFilterChain.java:162)
	at org.apache.catalina.core.StandardWrapperValve.invoke(StandardWrapperValve.java:202)
	at org.apache.catalina.core.StandardContextValve.invoke(StandardContextValve.java:97)
	at org.apache.catalina.authenticator.AuthenticatorBase.invoke(AuthenticatorBase.java:542)
	at org.apache.catalina.core.StandardHostValve.invoke(StandardHostValve.java:143)
	at org.apache.catalina.valves.ErrorReportValve.invoke(ErrorReportValve.java:92)
	at org.apache.catalina.core.StandardEngineValve.invoke(StandardEngineValve.java:78)
	at org.apache.catalina.connector.CoyoteAdapter.service(CoyoteAdapter.java:346)
	at org.apache.coyote.http11.Http11Processor.service(Http11Processor.java:374)
	at org.apache.coyote.AbstractProcessorLight.process(AbstractProcessorLight.java:65)
	at org.apache.coyote.AbstractProtocol$ConnectionHandler.process(AbstractProtocol.java:887)
	at org.apache.tomcat.util.net.NioEndpoint$SocketProcessor.doRun(NioEndpoint.java:1684)
	at org.apache.tomcat.util.net.SocketProcessorBase.run(SocketProcessorBase.java:49)
	at java.util.concurrent.ThreadPoolExecutor.runWorker(ThreadPoolExecutor.java:1149)
	at java.util.concurrent.ThreadPoolExecutor$Worker.run(ThreadPoolExecutor.java:624)
	at org.apache.tomcat.util.threads.TaskThread$WrappingRunnable.run(TaskThread.java:61)
	at java.lang.Thread.run(Thread.java:748)

2021-03-16 22:58:56.107  WARN 8932 --- [http-nio-8080-exec-1] .m.m.a.ExceptionHandlerExceptionResolver : Resolved [org.springframework.web.bind.MissingPathVariableException: Missing URI template variable 'id' for method parameter of type Integer]
2021-03-16 22:59:41.569  INFO 8932 --- [Thread-26] o.s.s.concurrent.ThreadPoolTaskExecutor  : Shutting down ExecutorService 'applicationTaskExecutor'
2021-03-16 22:59:41.569  INFO 8932 --- [Thread-26] j.LocalContainerEntityManagerFactoryBean : Closing JPA EntityManagerFactory for persistence unit 'default'
2021-03-16 22:59:41.569  INFO 8932 --- [Thread-26] com.zaxxer.hikari.HikariDataSource       : HikariPool-1 - Shutdown initiated...
2021-03-16 22:59:41.596  INFO 8932 --- [Thread-26] com.zaxxer.hikari.HikariDataSource       : HikariPool-1 - Shutdown completed.
2021-03-16 22:59:42.076  INFO 8932 --- [restartedMain] com.zero.BlogApplication                 : Starting BlogApplication using Java 1.8.0_271 on PC-20210118YCXO with PID 8932 (D:\blog\target\classes started by Administrator in D:\blog)
2021-03-16 22:59:42.081 DEBUG 8932 --- [restartedMain] com.zero.BlogApplication                 : Running with Spring Boot v2.4.3, Spring v5.3.4
2021-03-16 22:59:42.081  INFO 8932 --- [restartedMain] com.zero.BlogApplication                 : The following profiles are active: dev
2021-03-16 22:59:42.771  INFO 8932 --- [restartedMain] .s.d.r.c.RepositoryConfigurationDelegate : Bootstrapping Spring Data JPA repositories in DEFAULT mode.
2021-03-16 22:59:42.771  INFO 8932 --- [restartedMain] .s.d.r.c.RepositoryConfigurationDelegate : Finished Spring Data repository scanning in 3 ms. Found 0 JPA repository interfaces.
2021-03-16 22:59:43.401  INFO 8932 --- [restartedMain] o.s.b.w.embedded.tomcat.TomcatWebServer  : Tomcat initialized with port(s): 8080 (http)
2021-03-16 22:59:43.401  INFO 8932 --- [restartedMain] o.apache.catalina.core.StandardService   : Starting service [Tomcat]
2021-03-16 22:59:43.411  INFO 8932 --- [restartedMain] org.apache.catalina.core.StandardEngine  : Starting Servlet engine: [Apache Tomcat/9.0.43]
2021-03-16 22:59:43.432  INFO 8932 --- [restartedMain] o.a.c.c.C.[Tomcat].[localhost].[/]       : Initializing Spring embedded WebApplicationContext
2021-03-16 22:59:43.433  INFO 8932 --- [restartedMain] w.s.c.ServletWebServerApplicationContext : Root WebApplicationContext: initialization completed in 1352 ms
2021-03-16 22:59:43.495  INFO 8932 --- [restartedMain] o.hibernate.jpa.internal.util.LogHelper  : HHH000204: Processing PersistenceUnitInfo [name: default]
2021-03-16 22:59:43.500  INFO 8932 --- [restartedMain] com.zaxxer.hikari.HikariDataSource       : HikariPool-2 - Starting...
2021-03-16 22:59:43.500  WARN 8932 --- [restartedMain] com.zaxxer.hikari.util.DriverDataSource  : Registered driver with driverClassName=com.mysql.jdbc.Driver was not found, trying direct instantiation.
2021-03-16 22:59:43.950  INFO 8932 --- [restartedMain] com.zaxxer.hikari.HikariDataSource       : HikariPool-2 - Start completed.
2021-03-16 22:59:43.950  INFO 8932 --- [restartedMain] org.hibernate.dialect.Dialect            : HHH000400: Using dialect: org.hibernate.dialect.MySQL55Dialect
2021-03-16 22:59:44.037  INFO 8932 --- [restartedMain] o.h.e.t.j.p.i.JtaPlatformInitiator       : HHH000490: Using JtaPlatform implementation: [org.hibernate.engine.transaction.jta.platform.internal.NoJtaPlatform]
2021-03-16 22:59:44.037  INFO 8932 --- [restartedMain] j.LocalContainerEntityManagerFactoryBean : Initialized JPA EntityManagerFactory for persistence unit 'default'
2021-03-16 22:59:44.128  INFO 8932 --- [restartedMain] o.s.b.d.a.OptionalLiveReloadServer       : LiveReload server is running on port 35729
2021-03-16 22:59:44.210  WARN 8932 --- [restartedMain] JpaBaseConfiguration$JpaWebConfiguration : spring.jpa.open-in-view is enabled by default. Therefore, database queries may be performed during view rendering. Explicitly configure spring.jpa.open-in-view to disable this warning
2021-03-16 22:59:44.687  INFO 8932 --- [restartedMain] o.s.s.concurrent.ThreadPoolTaskExecutor  : Initializing ExecutorService 'applicationTaskExecutor'
2021-03-16 22:59:44.787  INFO 8932 --- [restartedMain] o.s.b.a.w.s.WelcomePageHandlerMapping    : Adding welcome page template: index
2021-03-16 22:59:45.182  INFO 8932 --- [restartedMain] o.s.b.w.embedded.tomcat.TomcatWebServer  : Tomcat started on port(s): 8080 (http) with context path ''
2021-03-16 22:59:45.185  INFO 8932 --- [restartedMain] com.zero.BlogApplication                 : Started BlogApplication in 3.226 seconds (JVM running for 98.146)
2021-03-16 22:59:45.185  INFO 8932 --- [restartedMain] .ConditionEvaluationDeltaLoggingListener : Condition evaluation unchanged
2021-03-16 22:59:56.623  INFO 8932 --- [http-nio-8080-exec-1] o.a.c.c.C.[Tomcat].[localhost].[/]       : Initializing Spring DispatcherServlet 'dispatcherServlet'
2021-03-16 22:59:56.623  INFO 8932 --- [http-nio-8080-exec-1] o.s.web.servlet.DispatcherServlet        : Initializing Servlet 'dispatcherServlet'
2021-03-16 22:59:56.623  INFO 8932 --- [http-nio-8080-exec-1] o.s.web.servlet.DispatcherServlet        : Completed initialization in 0 ms
2021-03-16 22:59:56.637  INFO 8932 --- [http-nio-8080-exec-1] com.zero.aspect.LogAspect                : Request : {url='http://localhost:8080/', ip='0:0:0:0:0:0:0:1', classMethod='com.zero.web.IndexController.index', args=[]}
2021-03-16 22:59:56.665  INFO 8932 --- [http-nio-8080-exec-1] com.zero.aspect.LogAspect                : Result : index
2021-03-16 22:59:56.665  INFO 8932 --- [http-nio-8080-exec-1] com.zero.aspect.LogAspect                : --------doAfter--------
2021-03-16 23:00:52.726  INFO 8932 --- [http-nio-8080-exec-2] com.zero.aspect.LogAspect                : Request : {url='http://localhost:8080/', ip='0:0:0:0:0:0:0:1', classMethod='com.zero.web.IndexController.index', args=[]}
2021-03-16 23:00:52.726  INFO 8932 --- [http-nio-8080-exec-2] com.zero.aspect.LogAspect                : Result : index
2021-03-16 23:00:52.727  INFO 8932 --- [http-nio-8080-exec-2] com.zero.aspect.LogAspect                : --------doAfter--------
2021-03-16 23:03:36.928  INFO 8932 --- [Thread-36] o.s.s.concurrent.ThreadPoolTaskExecutor  : Shutting down ExecutorService 'applicationTaskExecutor'
2021-03-16 23:03:36.928  INFO 8932 --- [Thread-36] j.LocalContainerEntityManagerFactoryBean : Closing JPA EntityManagerFactory for persistence unit 'default'
2021-03-16 23:03:36.928  INFO 8932 --- [Thread-36] com.zaxxer.hikari.HikariDataSource       : HikariPool-2 - Shutdown initiated...
2021-03-16 23:03:36.953  INFO 8932 --- [Thread-36] com.zaxxer.hikari.HikariDataSource       : HikariPool-2 - Shutdown completed.
2021-03-16 23:03:37.392  INFO 8932 --- [restartedMain] com.zero.BlogApplication                 : Starting BlogApplication using Java 1.8.0_271 on PC-20210118YCXO with PID 8932 (D:\blog\target\classes started by Administrator in D:\blog)
2021-03-16 23:03:37.392 DEBUG 8932 --- [restartedMain] com.zero.BlogApplication                 : Running with Spring Boot v2.4.3, Spring v5.3.4
2021-03-16 23:03:37.392  INFO 8932 --- [restartedMain] com.zero.BlogApplication                 : The following profiles are active: dev
2021-03-16 23:03:37.781  INFO 8932 --- [restartedMain] .s.d.r.c.RepositoryConfigurationDelegate : Bootstrapping Spring Data JPA repositories in DEFAULT mode.
2021-03-16 23:03:37.781  INFO 8932 --- [restartedMain] .s.d.r.c.RepositoryConfigurationDelegate : Finished Spring Data repository scanning in 1 ms. Found 0 JPA repository interfaces.
2021-03-16 23:03:38.059  INFO 8932 --- [restartedMain] o.s.b.w.embedded.tomcat.TomcatWebServer  : Tomcat initialized with port(s): 8080 (http)
2021-03-16 23:03:38.060  INFO 8932 --- [restartedMain] o.apache.catalina.core.StandardService   : Starting service [Tomcat]
2021-03-16 23:03:38.060  INFO 8932 --- [restartedMain] org.apache.catalina.core.StandardEngine  : Starting Servlet engine: [Apache Tomcat/9.0.43]
2021-03-16 23:03:38.080  INFO 8932 --- [restartedMain] o.a.c.c.C.[Tomcat].[localhost].[/]       : Initializing Spring embedded WebApplicationContext
2021-03-16 23:03:38.080  INFO 8932 --- [restartedMain] w.s.c.ServletWebServerApplicationContext : Root WebApplicationContext: initialization completed in 683 ms
2021-03-16 23:03:38.157  INFO 8932 --- [restartedMain] o.hibernate.jpa.internal.util.LogHelper  : HHH000204: Processing PersistenceUnitInfo [name: default]
2021-03-16 23:03:38.160  INFO 8932 --- [restartedMain] com.zaxxer.hikari.HikariDataSource       : HikariPool-3 - Starting...
2021-03-16 23:03:38.160  WARN 8932 --- [restartedMain] com.zaxxer.hikari.util.DriverDataSource  : Registered driver with driverClassName=com.mysql.jdbc.Driver was not found, trying direct instantiation.
2021-03-16 23:03:38.659  INFO 8932 --- [restartedMain] com.zaxxer.hikari.HikariDataSource       : HikariPool-3 - Start completed.
2021-03-16 23:03:38.659  INFO 8932 --- [restartedMain] org.hibernate.dialect.Dialect            : HHH000400: Using dialect: org.hibernate.dialect.MySQL55Dialect
2021-03-16 23:03:38.753  INFO 8932 --- [restartedMain] o.h.e.t.j.p.i.JtaPlatformInitiator       : HHH000490: Using JtaPlatform implementation: [org.hibernate.engine.transaction.jta.platform.internal.NoJtaPlatform]
2021-03-16 23:03:38.753  INFO 8932 --- [restartedMain] j.LocalContainerEntityManagerFactoryBean : Initialized JPA EntityManagerFactory for persistence unit 'default'
2021-03-16 23:03:38.794  INFO 8932 --- [restartedMain] o.s.b.d.a.OptionalLiveReloadServer       : LiveReload server is running on port 35729
2021-03-16 23:03:38.844  WARN 8932 --- [restartedMain] JpaBaseConfiguration$JpaWebConfiguration : spring.jpa.open-in-view is enabled by default. Therefore, database queries may be performed during view rendering. Explicitly configure spring.jpa.open-in-view to disable this warning
2021-03-16 23:03:39.055  INFO 8932 --- [restartedMain] o.s.s.concurrent.ThreadPoolTaskExecutor  : Initializing ExecutorService 'applicationTaskExecutor'
2021-03-16 23:03:39.099  INFO 8932 --- [restartedMain] o.s.b.a.w.s.WelcomePageHandlerMapping    : Adding welcome page template: index
2021-03-16 23:03:39.452  INFO 8932 --- [restartedMain] o.s.b.w.embedded.tomcat.TomcatWebServer  : Tomcat started on port(s): 8080 (http) with context path ''
2021-03-16 23:03:39.452  INFO 8932 --- [restartedMain] com.zero.BlogApplication                 : Started BlogApplication in 2.143 seconds (JVM running for 332.416)
2021-03-16 23:03:39.452  INFO 8932 --- [restartedMain] .ConditionEvaluationDeltaLoggingListener : Condition evaluation unchanged
2021-03-16 23:03:41.478  INFO 8932 --- [Thread-41] o.s.s.concurrent.ThreadPoolTaskExecutor  : Shutting down ExecutorService 'applicationTaskExecutor'
2021-03-16 23:03:41.480  INFO 8932 --- [Thread-41] j.LocalContainerEntityManagerFactoryBean : Closing JPA EntityManagerFactory for persistence unit 'default'
2021-03-16 23:03:41.482  INFO 8932 --- [Thread-41] com.zaxxer.hikari.HikariDataSource       : HikariPool-3 - Shutdown initiated...
2021-03-16 23:03:42.148  INFO 8932 --- [Thread-41] com.zaxxer.hikari.HikariDataSource       : HikariPool-3 - Shutdown completed.
2021-03-16 23:03:42.424  INFO 8932 --- [restartedMain] com.zero.BlogApplication                 : Starting BlogApplication using Java 1.8.0_271 on PC-20210118YCXO with PID 8932 (D:\blog\target\classes started by Administrator in D:\blog)
2021-03-16 23:03:42.424 DEBUG 8932 --- [restartedMain] com.zero.BlogApplication                 : Running with Spring Boot v2.4.3, Spring v5.3.4
2021-03-16 23:03:42.424  INFO 8932 --- [restartedMain] com.zero.BlogApplication                 : The following profiles are active: dev
2021-03-16 23:03:42.561  INFO 8932 --- [restartedMain] .s.d.r.c.RepositoryConfigurationDelegate : Bootstrapping Spring Data JPA repositories in DEFAULT mode.
2021-03-16 23:03:42.562  INFO 8932 --- [restartedMain] .s.d.r.c.RepositoryConfigurationDelegate : Finished Spring Data repository scanning in 1 ms. Found 0 JPA repository interfaces.
2021-03-16 23:03:42.762  INFO 8932 --- [restartedMain] o.s.b.w.embedded.tomcat.TomcatWebServer  : Tomcat initialized with port(s): 8080 (http)
2021-03-16 23:03:42.762  INFO 8932 --- [restartedMain] o.apache.catalina.core.StandardService   : Starting service [Tomcat]
2021-03-16 23:03:42.762  INFO 8932 --- [restartedMain] org.apache.catalina.core.StandardEngine  : Starting Servlet engine: [Apache Tomcat/9.0.43]
2021-03-16 23:03:42.782  INFO 8932 --- [restartedMain] o.a.c.c.C.[Tomcat].[localhost].[/]       : Initializing Spring embedded WebApplicationContext
2021-03-16 23:03:42.782  INFO 8932 --- [restartedMain] w.s.c.ServletWebServerApplicationContext : Root WebApplicationContext: initialization completed in 356 ms
2021-03-16 23:03:42.869  INFO 8932 --- [restartedMain] o.hibernate.jpa.internal.util.LogHelper  : HHH000204: Processing PersistenceUnitInfo [name: default]
2021-03-16 23:03:42.876  INFO 8932 --- [restartedMain] com.zaxxer.hikari.HikariDataSource       : HikariPool-4 - Starting...
2021-03-16 23:03:42.876  WARN 8932 --- [restartedMain] com.zaxxer.hikari.util.DriverDataSource  : Registered driver with driverClassName=com.mysql.jdbc.Driver was not found, trying direct instantiation.
2021-03-16 23:03:43.291  INFO 8932 --- [restartedMain] com.zaxxer.hikari.HikariDataSource       : HikariPool-4 - Start completed.
2021-03-16 23:03:43.292  INFO 8932 --- [restartedMain] org.hibernate.dialect.Dialect            : HHH000400: Using dialect: org.hibernate.dialect.MySQL55Dialect
2021-03-16 23:03:43.421  INFO 8932 --- [restartedMain] o.h.e.t.j.p.i.JtaPlatformInitiator       : HHH000490: Using JtaPlatform implementation: [org.hibernate.engine.transaction.jta.platform.internal.NoJtaPlatform]
2021-03-16 23:03:43.423  INFO 8932 --- [restartedMain] j.LocalContainerEntityManagerFactoryBean : Initialized JPA EntityManagerFactory for persistence unit 'default'
2021-03-16 23:03:43.594  INFO 8932 --- [restartedMain] o.s.b.d.a.OptionalLiveReloadServer       : LiveReload server is running on port 35729
2021-03-16 23:03:43.651  WARN 8932 --- [restartedMain] JpaBaseConfiguration$JpaWebConfiguration : spring.jpa.open-in-view is enabled by default. Therefore, database queries may be performed during view rendering. Explicitly configure spring.jpa.open-in-view to disable this warning
2021-03-16 23:03:43.797  INFO 8932 --- [restartedMain] o.s.s.concurrent.ThreadPoolTaskExecutor  : Initializing ExecutorService 'applicationTaskExecutor'
2021-03-16 23:03:43.845  INFO 8932 --- [restartedMain] o.s.b.a.w.s.WelcomePageHandlerMapping    : Adding welcome page template: index
2021-03-16 23:03:44.030  INFO 8932 --- [restartedMain] o.s.b.w.embedded.tomcat.TomcatWebServer  : Tomcat started on port(s): 8080 (http) with context path ''
2021-03-16 23:03:44.032  INFO 8932 --- [restartedMain] com.zero.BlogApplication                 : Started BlogApplication in 1.64 seconds (JVM running for 336.99)
2021-03-16 23:03:44.036  INFO 8932 --- [restartedMain] .ConditionEvaluationDeltaLoggingListener : Condition evaluation unchanged
2021-03-16 23:04:00.730  INFO 8932 --- [http-nio-8080-exec-1] o.a.c.c.C.[Tomcat].[localhost].[/]       : Initializing Spring DispatcherServlet 'dispatcherServlet'
2021-03-16 23:04:00.731  INFO 8932 --- [http-nio-8080-exec-1] o.s.web.servlet.DispatcherServlet        : Initializing Servlet 'dispatcherServlet'
2021-03-16 23:04:00.733  INFO 8932 --- [http-nio-8080-exec-1] o.s.web.servlet.DispatcherServlet        : Completed initialization in 2 ms
2021-03-16 23:04:00.746  INFO 8932 --- [http-nio-8080-exec-1] com.zero.aspect.LogAspect                : Request : {url='http://localhost:8080/', ip='0:0:0:0:0:0:0:1', classMethod='com.zero.web.IndexController.index', args=[]}
2021-03-16 23:04:00.752  INFO 8932 --- [http-nio-8080-exec-1] com.zero.aspect.LogAspect                : Result : index
2021-03-16 23:04:00.753  INFO 8932 --- [http-nio-8080-exec-1] com.zero.aspect.LogAspect                : --------doAfter--------
2021-03-16 23:04:01.998  INFO 8932 --- [http-nio-8080-exec-2] com.zero.aspect.LogAspect                : Request : {url='http://localhost:8080/', ip='0:0:0:0:0:0:0:1', classMethod='com.zero.web.IndexController.index', args=[]}
2021-03-16 23:04:01.998  INFO 8932 --- [http-nio-8080-exec-2] com.zero.aspect.LogAspect                : Result : index
2021-03-16 23:04:01.998  INFO 8932 --- [http-nio-8080-exec-2] com.zero.aspect.LogAspect                : --------doAfter--------
2021-03-16 23:04:02.830  INFO 8932 --- [http-nio-8080-exec-3] com.zero.aspect.LogAspect                : Request : {url='http://localhost:8080/', ip='0:0:0:0:0:0:0:1', classMethod='com.zero.web.IndexController.index', args=[]}
2021-03-16 23:04:02.830  INFO 8932 --- [http-nio-8080-exec-3] com.zero.aspect.LogAspect                : Result : index
2021-03-16 23:04:02.830  INFO 8932 --- [http-nio-8080-exec-3] com.zero.aspect.LogAspect                : --------doAfter--------
2021-03-16 23:08:39.748  INFO 8932 --- [http-nio-8080-exec-6] com.zero.aspect.LogAspect                : Request : {url='http://localhost:8080/', ip='0:0:0:0:0:0:0:1', classMethod='com.zero.web.IndexController.index', args=[]}
2021-03-16 23:08:39.749  INFO 8932 --- [http-nio-8080-exec-6] com.zero.aspect.LogAspect                : Result : index
2021-03-16 23:08:39.749  INFO 8932 --- [http-nio-8080-exec-6] com.zero.aspect.LogAspect                : --------doAfter--------
2021-03-16 23:11:12.350  INFO 8932 --- [Thread-46] o.s.s.concurrent.ThreadPoolTaskExecutor  : Shutting down ExecutorService 'applicationTaskExecutor'
2021-03-16 23:11:12.350  INFO 8932 --- [Thread-46] j.LocalContainerEntityManagerFactoryBean : Closing JPA EntityManagerFactory for persistence unit 'default'
2021-03-16 23:11:12.351  INFO 8932 --- [Thread-46] com.zaxxer.hikari.HikariDataSource       : HikariPool-4 - Shutdown initiated...
2021-03-16 23:11:12.360  INFO 8932 --- [Thread-46] com.zaxxer.hikari.HikariDataSource       : HikariPool-4 - Shutdown completed.
2021-03-16 23:11:12.786  INFO 8932 --- [restartedMain] com.zero.BlogApplication                 : Starting BlogApplication using Java 1.8.0_271 on PC-20210118YCXO with PID 8932 (D:\blog\target\classes started by Administrator in D:\blog)
2021-03-16 23:11:12.786  INFO 8932 --- [restartedMain] com.zero.BlogApplication                 : No active profile set, falling back to default profiles: default
2021-03-16 23:11:13.137  INFO 8932 --- [restartedMain] .s.d.r.c.RepositoryConfigurationDelegate : Bootstrapping Spring Data JPA repositories in DEFAULT mode.
2021-03-16 23:11:13.137  INFO 8932 --- [restartedMain] .s.d.r.c.RepositoryConfigurationDelegate : Finished Spring Data repository scanning in 1 ms. Found 0 JPA repository interfaces.
2021-03-16 23:11:13.568  INFO 8932 --- [restartedMain] o.s.b.w.embedded.tomcat.TomcatWebServer  : Tomcat initialized with port(s): 8080 (http)
2021-03-16 23:11:13.569  INFO 8932 --- [restartedMain] o.apache.catalina.core.StandardService   : Starting service [Tomcat]
2021-03-16 23:11:13.569  INFO 8932 --- [restartedMain] org.apache.catalina.core.StandardEngine  : Starting Servlet engine: [Apache Tomcat/9.0.43]
2021-03-16 23:11:13.597  INFO 8932 --- [restartedMain] o.a.c.c.C.[Tomcat].[localhost].[/]       : Initializing Spring embedded WebApplicationContext
2021-03-16 23:11:13.597  INFO 8932 --- [restartedMain] w.s.c.ServletWebServerApplicationContext : Root WebApplicationContext: initialization completed in 811 ms
2021-03-16 23:11:13.647  WARN 8932 --- [restartedMain] ConfigServletWebServerApplicationContext : Exception encountered during context initialization - cancelling refresh attempt: org.springframework.beans.factory.UnsatisfiedDependencyException: Error creating bean with name 'inMemoryDatabaseShutdownExecutor' defined in class path resource [org/springframework/boot/devtools/autoconfigure/DevToolsDataSourceAutoConfiguration.class]: Unsatisfied dependency expressed through method 'inMemoryDatabaseShutdownExecutor' parameter 0; nested exception is org.springframework.beans.factory.BeanCreationException: Error creating bean with name 'dataSource' defined in class path resource [org/springframework/boot/autoconfigure/jdbc/DataSourceConfiguration$Hikari.class]: Bean instantiation via factory method failed; nested exception is org.springframework.beans.BeanInstantiationException: Failed to instantiate [com.zaxxer.hikari.HikariDataSource]: Factory method 'dataSource' threw exception; nested exception is org.springframework.boot.autoconfigure.jdbc.DataSourceProperties$DataSourceBeanCreationException: Failed to determine a suitable driver class
2021-03-16 23:11:13.647  INFO 8932 --- [restartedMain] o.apache.catalina.core.StandardService   : Stopping service [Tomcat]
2021-03-16 23:11:13.662  INFO 8932 --- [restartedMain] ConditionEvaluationReportLoggingListener : 

Error starting ApplicationContext. To display the conditions report re-run your application with 'debug' enabled.
2021-03-16 23:11:13.719 ERROR 8932 --- [restartedMain] o.s.b.d.LoggingFailureAnalysisReporter   : 

***************************
APPLICATION FAILED TO START
***************************

Description:

Failed to configure a DataSource: 'url' attribute is not specified and no embedded datasource could be configured.

Reason: Failed to determine a suitable driver class


Action:

Consider the following:
	If you want an embedded database (H2, HSQL or Derby), please put it on the classpath.
	If you have database settings to be loaded from a particular profile you may need to activate it (no profiles are currently active).

2021-03-16 23:11:15.664  INFO 8932 --- [restartedMain] com.zero.BlogApplication                 : Starting BlogApplication using Java 1.8.0_271 on PC-20210118YCXO with PID 8932 (D:\blog\target\classes started by Administrator in D:\blog)
2021-03-16 23:11:15.664 DEBUG 8932 --- [restartedMain] com.zero.BlogApplication                 : Running with Spring Boot v2.4.3, Spring v5.3.4
2021-03-16 23:11:15.664  INFO 8932 --- [restartedMain] com.zero.BlogApplication                 : The following profiles are active: dev
2021-03-16 23:11:16.019  INFO 8932 --- [restartedMain] .s.d.r.c.RepositoryConfigurationDelegate : Bootstrapping Spring Data JPA repositories in DEFAULT mode.
2021-03-16 23:11:16.019  INFO 8932 --- [restartedMain] .s.d.r.c.RepositoryConfigurationDelegate : Finished Spring Data repository scanning in 1 ms. Found 0 JPA repository interfaces.
2021-03-16 23:11:16.183  INFO 8932 --- [restartedMain] o.s.b.w.embedded.tomcat.TomcatWebServer  : Tomcat initialized with port(s): 8080 (http)
2021-03-16 23:11:16.183  INFO 8932 --- [restartedMain] o.apache.catalina.core.StandardService   : Starting service [Tomcat]
2021-03-16 23:11:16.183  INFO 8932 --- [restartedMain] org.apache.catalina.core.StandardEngine  : Starting Servlet engine: [Apache Tomcat/9.0.43]
2021-03-16 23:11:16.223  INFO 8932 --- [restartedMain] o.a.c.c.C.[Tomcat-1].[localhost].[/]     : Initializing Spring embedded WebApplicationContext
2021-03-16 23:11:16.223  INFO 8932 --- [restartedMain] w.s.c.ServletWebServerApplicationContext : Root WebApplicationContext: initialization completed in 559 ms
2021-03-16 23:11:16.350  INFO 8932 --- [restartedMain] o.hibernate.jpa.internal.util.LogHelper  : HHH000204: Processing PersistenceUnitInfo [name: default]
2021-03-16 23:11:16.351  INFO 8932 --- [restartedMain] com.zaxxer.hikari.HikariDataSource       : HikariPool-5 - Starting...
2021-03-16 23:11:16.351  WARN 8932 --- [restartedMain] com.zaxxer.hikari.util.DriverDataSource  : Registered driver with driverClassName=com.mysql.jdbc.Driver was not found, trying direct instantiation.
2021-03-16 23:11:16.853  INFO 8932 --- [restartedMain] com.zaxxer.hikari.HikariDataSource       : HikariPool-5 - Start completed.
2021-03-16 23:11:16.853  INFO 8932 --- [restartedMain] org.hibernate.dialect.Dialect            : HHH000400: Using dialect: org.hibernate.dialect.MySQL55Dialect
2021-03-16 23:11:16.950  INFO 8932 --- [restartedMain] o.h.e.t.j.p.i.JtaPlatformInitiator       : HHH000490: Using JtaPlatform implementation: [org.hibernate.engine.transaction.jta.platform.internal.NoJtaPlatform]
2021-03-16 23:11:16.950  INFO 8932 --- [restartedMain] j.LocalContainerEntityManagerFactoryBean : Initialized JPA EntityManagerFactory for persistence unit 'default'
2021-03-16 23:11:16.983  INFO 8932 --- [restartedMain] o.s.b.d.a.OptionalLiveReloadServer       : LiveReload server is running on port 35729
2021-03-16 23:11:16.997  WARN 8932 --- [restartedMain] JpaBaseConfiguration$JpaWebConfiguration : spring.jpa.open-in-view is enabled by default. Therefore, database queries may be performed during view rendering. Explicitly configure spring.jpa.open-in-view to disable this warning
2021-03-16 23:11:17.130  INFO 8932 --- [restartedMain] o.s.s.concurrent.ThreadPoolTaskExecutor  : Initializing ExecutorService 'applicationTaskExecutor'
2021-03-16 23:11:17.174  INFO 8932 --- [restartedMain] o.s.b.a.w.s.WelcomePageHandlerMapping    : Adding welcome page template: index
2021-03-16 23:11:17.337  INFO 8932 --- [restartedMain] o.s.b.w.embedded.tomcat.TomcatWebServer  : Tomcat started on port(s): 8080 (http) with context path ''
2021-03-16 23:11:17.353  INFO 8932 --- [restartedMain] com.zero.BlogApplication                 : Started BlogApplication in 1.764 seconds (JVM running for 790.313)
2021-03-16 23:11:17.353  INFO 8932 --- [restartedMain] .ConditionEvaluationDeltaLoggingListener : Condition evaluation unchanged
2021-03-16 23:11:19.892  INFO 8932 --- [Thread-51] o.s.s.concurrent.ThreadPoolTaskExecutor  : Shutting down ExecutorService 'applicationTaskExecutor'
2021-03-16 23:11:19.893  INFO 8932 --- [Thread-51] j.LocalContainerEntityManagerFactoryBean : Closing JPA EntityManagerFactory for persistence unit 'default'
2021-03-16 23:11:19.893  INFO 8932 --- [Thread-51] com.zaxxer.hikari.HikariDataSource       : HikariPool-5 - Shutdown initiated...
2021-03-16 23:11:20.087  INFO 8932 --- [Thread-51] com.zaxxer.hikari.HikariDataSource       : HikariPool-5 - Shutdown completed.
2021-03-16 23:13:53.453  INFO 8932 --- [restartedMain] com.zero.BlogApplication                 : Starting BlogApplication using Java 1.8.0_271 on PC-20210118YCXO with PID 8932 (D:\blog\target\classes started by Administrator in D:\blog)
2021-03-16 23:13:53.453  INFO 8932 --- [restartedMain] com.zero.BlogApplication                 : No active profile set, falling back to default profiles: default
2021-03-16 23:13:53.679  INFO 8932 --- [restartedMain] .s.d.r.c.RepositoryConfigurationDelegate : Bootstrapping Spring Data JPA repositories in DEFAULT mode.
2021-03-16 23:13:53.680  INFO 8932 --- [restartedMain] .s.d.r.c.RepositoryConfigurationDelegate : Finished Spring Data repository scanning in 1 ms. Found 0 JPA repository interfaces.
2021-03-16 23:13:53.806  INFO 8932 --- [restartedMain] o.s.b.w.embedded.tomcat.TomcatWebServer  : Tomcat initialized with port(s): 8080 (http)
2021-03-16 23:13:53.807  INFO 8932 --- [restartedMain] o.apache.catalina.core.StandardService   : Starting service [Tomcat]
2021-03-16 23:13:53.808  INFO 8932 --- [restartedMain] org.apache.catalina.core.StandardEngine  : Starting Servlet engine: [Apache Tomcat/9.0.43]
2021-03-16 23:13:53.825  INFO 8932 --- [restartedMain] o.a.c.c.C.[Tomcat-1].[localhost].[/]     : Initializing Spring embedded WebApplicationContext
2021-03-16 23:13:53.825  INFO 8932 --- [restartedMain] w.s.c.ServletWebServerApplicationContext : Root WebApplicationContext: initialization completed in 372 ms
2021-03-16 23:13:53.846  WARN 8932 --- [restartedMain] ConfigServletWebServerApplicationContext : Exception encountered during context initialization - cancelling refresh attempt: org.springframework.beans.factory.UnsatisfiedDependencyException: Error creating bean with name 'inMemoryDatabaseShutdownExecutor' defined in class path resource [org/springframework/boot/devtools/autoconfigure/DevToolsDataSourceAutoConfiguration.class]: Unsatisfied dependency expressed through method 'inMemoryDatabaseShutdownExecutor' parameter 0; nested exception is org.springframework.beans.factory.BeanCreationException: Error creating bean with name 'dataSource' defined in class path resource [org/springframework/boot/autoconfigure/jdbc/DataSourceConfiguration$Hikari.class]: Bean instantiation via factory method failed; nested exception is org.springframework.beans.BeanInstantiationException: Failed to instantiate [com.zaxxer.hikari.HikariDataSource]: Factory method 'dataSource' threw exception; nested exception is org.springframework.boot.autoconfigure.jdbc.DataSourceProperties$DataSourceBeanCreationException: Failed to determine a suitable driver class
2021-03-16 23:13:53.847  INFO 8932 --- [restartedMain] o.apache.catalina.core.StandardService   : Stopping service [Tomcat]
2021-03-16 23:13:53.854  INFO 8932 --- [restartedMain] ConditionEvaluationReportLoggingListener : 

Error starting ApplicationContext. To display the conditions report re-run your application with 'debug' enabled.
2021-03-16 23:13:53.858 ERROR 8932 --- [restartedMain] o.s.b.d.LoggingFailureAnalysisReporter   : 

***************************
APPLICATION FAILED TO START
***************************

Description:

Failed to configure a DataSource: 'url' attribute is not specified and no embedded datasource could be configured.

Reason: Failed to determine a suitable driver class


Action:

Consider the following:
	If you want an embedded database (H2, HSQL or Derby), please put it on the classpath.
	If you have database settings to be loaded from a particular profile you may need to activate it (no profiles are currently active).

2021-03-16 23:13:55.510  INFO 8932 --- [restartedMain] com.zero.BlogApplication                 : Starting BlogApplication using Java 1.8.0_271 on PC-20210118YCXO with PID 8932 (D:\blog\target\classes started by Administrator in D:\blog)
2021-03-16 23:13:55.510 DEBUG 8932 --- [restartedMain] com.zero.BlogApplication                 : Running with Spring Boot v2.4.3, Spring v5.3.4
2021-03-16 23:13:55.510  INFO 8932 --- [restartedMain] com.zero.BlogApplication                 : The following profiles are active: dev
2021-03-16 23:13:55.755  INFO 8932 --- [restartedMain] .s.d.r.c.RepositoryConfigurationDelegate : Bootstrapping Spring Data JPA repositories in DEFAULT mode.
2021-03-16 23:13:55.755  INFO 8932 --- [restartedMain] .s.d.r.c.RepositoryConfigurationDelegate : Finished Spring Data repository scanning in 0 ms. Found 0 JPA repository interfaces.
2021-03-16 23:13:55.948  INFO 8932 --- [restartedMain] o.s.b.w.embedded.tomcat.TomcatWebServer  : Tomcat initialized with port(s): 8080 (http)
2021-03-16 23:13:55.953  INFO 8932 --- [restartedMain] o.apache.catalina.core.StandardService   : Starting service [Tomcat]
2021-03-16 23:13:55.953  INFO 8932 --- [restartedMain] org.apache.catalina.core.StandardEngine  : Starting Servlet engine: [Apache Tomcat/9.0.43]
2021-03-16 23:13:55.957  INFO 8932 --- [restartedMain] o.a.c.c.C.[Tomcat-2].[localhost].[/]     : Initializing Spring embedded WebApplicationContext
2021-03-16 23:13:55.957  INFO 8932 --- [restartedMain] w.s.c.ServletWebServerApplicationContext : Root WebApplicationContext: initialization completed in 431 ms
2021-03-16 23:13:56.018  INFO 8932 --- [restartedMain] o.hibernate.jpa.internal.util.LogHelper  : HHH000204: Processing PersistenceUnitInfo [name: default]
2021-03-16 23:13:56.027  INFO 8932 --- [restartedMain] com.zaxxer.hikari.HikariDataSource       : HikariPool-6 - Starting...
2021-03-16 23:13:56.027  WARN 8932 --- [restartedMain] com.zaxxer.hikari.util.DriverDataSource  : Registered driver with driverClassName=com.mysql.jdbc.Driver was not found, trying direct instantiation.
2021-03-16 23:13:57.576  INFO 8932 --- [restartedMain] com.zaxxer.hikari.HikariDataSource       : HikariPool-6 - Start completed.
2021-03-16 23:13:57.577  INFO 8932 --- [restartedMain] org.hibernate.dialect.Dialect            : HHH000400: Using dialect: org.hibernate.dialect.MySQL55Dialect
2021-03-16 23:13:57.711  INFO 8932 --- [restartedMain] o.h.e.t.j.p.i.JtaPlatformInitiator       : HHH000490: Using JtaPlatform implementation: [org.hibernate.engine.transaction.jta.platform.internal.NoJtaPlatform]
2021-03-16 23:13:57.716  INFO 8932 --- [restartedMain] j.LocalContainerEntityManagerFactoryBean : Initialized JPA EntityManagerFactory for persistence unit 'default'
2021-03-16 23:13:57.726  INFO 8932 --- [restartedMain] o.s.b.d.a.OptionalLiveReloadServer       : LiveReload server is running on port 35729
2021-03-16 23:13:57.746  WARN 8932 --- [restartedMain] JpaBaseConfiguration$JpaWebConfiguration : spring.jpa.open-in-view is enabled by default. Therefore, database queries may be performed during view rendering. Explicitly configure spring.jpa.open-in-view to disable this warning
2021-03-16 23:13:57.791  INFO 8932 --- [restartedMain] o.s.s.concurrent.ThreadPoolTaskExecutor  : Initializing ExecutorService 'applicationTaskExecutor'
2021-03-16 23:13:57.808  INFO 8932 --- [restartedMain] o.s.b.a.w.s.WelcomePageHandlerMapping    : Adding welcome page template: index
2021-03-16 23:13:57.887  INFO 8932 --- [restartedMain] o.s.b.w.embedded.tomcat.TomcatWebServer  : Tomcat started on port(s): 8080 (http) with context path ''
2021-03-16 23:13:57.891  INFO 8932 --- [restartedMain] com.zero.BlogApplication                 : Started BlogApplication in 2.411 seconds (JVM running for 950.848)
2021-03-16 23:13:57.895  INFO 8932 --- [restartedMain] .ConditionEvaluationDeltaLoggingListener : Condition evaluation unchanged
2021-03-16 23:13:59.722  INFO 8932 --- [Thread-59] o.s.s.concurrent.ThreadPoolTaskExecutor  : Shutting down ExecutorService 'applicationTaskExecutor'
2021-03-16 23:13:59.722  INFO 8932 --- [Thread-59] j.LocalContainerEntityManagerFactoryBean : Closing JPA EntityManagerFactory for persistence unit 'default'
2021-03-16 23:13:59.723  INFO 8932 --- [Thread-59] com.zaxxer.hikari.HikariDataSource       : HikariPool-6 - Shutdown initiated...
2021-03-16 23:14:00.017  INFO 8932 --- [Thread-59] com.zaxxer.hikari.HikariDataSource       : HikariPool-6 - Shutdown completed.
2021-03-16 23:15:09.463  INFO 8932 --- [restartedMain] com.zero.BlogApplication                 : Starting BlogApplication using Java 1.8.0_271 on PC-20210118YCXO with PID 8932 (D:\blog\target\classes started by Administrator in D:\blog)
2021-03-16 23:15:09.463 DEBUG 8932 --- [restartedMain] com.zero.BlogApplication                 : Running with Spring Boot v2.4.3, Spring v5.3.4
2021-03-16 23:15:09.463  INFO 8932 --- [restartedMain] com.zero.BlogApplication                 : The following profiles are active: dev
2021-03-16 23:15:09.777  INFO 8932 --- [restartedMain] .s.d.r.c.RepositoryConfigurationDelegate : Bootstrapping Spring Data JPA repositories in DEFAULT mode.
2021-03-16 23:15:09.777  INFO 8932 --- [restartedMain] .s.d.r.c.RepositoryConfigurationDelegate : Finished Spring Data repository scanning in 0 ms. Found 0 JPA repository interfaces.
2021-03-16 23:15:09.940  INFO 8932 --- [restartedMain] o.s.b.w.embedded.tomcat.TomcatWebServer  : Tomcat initialized with port(s): 8080 (http)
2021-03-16 23:15:09.942  INFO 8932 --- [restartedMain] o.apache.catalina.core.StandardService   : Starting service [Tomcat]
2021-03-16 23:15:09.942  INFO 8932 --- [restartedMain] org.apache.catalina.core.StandardEngine  : Starting Servlet engine: [Apache Tomcat/9.0.43]
2021-03-16 23:15:09.959  INFO 8932 --- [restartedMain] o.a.c.c.C.[Tomcat-2].[localhost].[/]     : Initializing Spring embedded WebApplicationContext
2021-03-16 23:15:09.959  INFO 8932 --- [restartedMain] w.s.c.ServletWebServerApplicationContext : Root WebApplicationContext: initialization completed in 496 ms
2021-03-16 23:15:10.089  INFO 8932 --- [restartedMain] o.hibernate.jpa.internal.util.LogHelper  : HHH000204: Processing PersistenceUnitInfo [name: default]
2021-03-16 23:15:10.105  INFO 8932 --- [restartedMain] com.zaxxer.hikari.HikariDataSource       : HikariPool-7 - Starting...
2021-03-16 23:15:10.105  WARN 8932 --- [restartedMain] com.zaxxer.hikari.util.DriverDataSource  : Registered driver with driverClassName=com.mysql.jdbc.Driver was not found, trying direct instantiation.
2021-03-16 23:15:10.790  INFO 8932 --- [restartedMain] com.zaxxer.hikari.HikariDataSource       : HikariPool-7 - Start completed.
2021-03-16 23:15:10.791  INFO 8932 --- [restartedMain] org.hibernate.dialect.Dialect            : HHH000400: Using dialect: org.hibernate.dialect.MySQL55Dialect
2021-03-16 23:15:10.881  INFO 8932 --- [restartedMain] o.h.e.t.j.p.i.JtaPlatformInitiator       : HHH000490: Using JtaPlatform implementation: [org.hibernate.engine.transaction.jta.platform.internal.NoJtaPlatform]
2021-03-16 23:15:10.881  INFO 8932 --- [restartedMain] j.LocalContainerEntityManagerFactoryBean : Initialized JPA EntityManagerFactory for persistence unit 'default'
2021-03-16 23:15:10.897  INFO 8932 --- [restartedMain] o.s.b.d.a.OptionalLiveReloadServer       : LiveReload server is running on port 35729
2021-03-16 23:15:10.913  WARN 8932 --- [restartedMain] JpaBaseConfiguration$JpaWebConfiguration : spring.jpa.open-in-view is enabled by default. Therefore, database queries may be performed during view rendering. Explicitly configure spring.jpa.open-in-view to disable this warning
2021-03-16 23:15:10.955  INFO 8932 --- [restartedMain] o.s.s.concurrent.ThreadPoolTaskExecutor  : Initializing ExecutorService 'applicationTaskExecutor'
2021-03-16 23:15:10.973  INFO 8932 --- [restartedMain] o.s.b.a.w.s.WelcomePageHandlerMapping    : Adding welcome page template: index
2021-03-16 23:15:11.031  INFO 8932 --- [restartedMain] o.s.b.w.embedded.tomcat.TomcatWebServer  : Tomcat started on port(s): 8080 (http) with context path ''
2021-03-16 23:15:11.033  INFO 8932 --- [restartedMain] com.zero.BlogApplication                 : Started BlogApplication in 1.62 seconds (JVM running for 1023.994)
2021-03-16 23:15:11.041  INFO 8932 --- [restartedMain] .ConditionEvaluationDeltaLoggingListener : Condition evaluation unchanged
2021-03-16 23:15:12.951  INFO 8932 --- [Thread-69] o.s.s.concurrent.ThreadPoolTaskExecutor  : Shutting down ExecutorService 'applicationTaskExecutor'
2021-03-16 23:15:12.954  INFO 8932 --- [Thread-69] j.LocalContainerEntityManagerFactoryBean : Closing JPA EntityManagerFactory for persistence unit 'default'
2021-03-16 23:15:12.957  INFO 8932 --- [Thread-69] com.zaxxer.hikari.HikariDataSource       : HikariPool-7 - Shutdown initiated...
2021-03-16 23:15:13.260  INFO 8932 --- [Thread-69] com.zaxxer.hikari.HikariDataSource       : HikariPool-7 - Shutdown completed.
